<?xml version="1.0" encoding="UTF-8"?>
<!-- Generated by org.testng.reporters.JUnitReportReporter -->
<testsuite hostname="LAPTOP-LJT4TVA1" failures="0" tests="1" name="frameRunner.FrameRunner10" time="13.029" errors="0" timestamp="2023-03-02T17:06:46 CST" skipped="0">
  <testcase classname="frameRunner.FrameRunner10" name="feature" time="13.029"/>
  <system-out/>
</testsuite> <!-- frameRunner.FrameRunner10 -->
